\BOOKMARK [0][-]{chapter.1}{അല്‍ ഫാത്തിഹ \( പ്രാരംഭം \)}{}% 1
\BOOKMARK [0][-]{chapter.2}{അല്‍ ബഖറ \( പശു \)}{}% 2
\BOOKMARK [0][-]{chapter.3}{ആലു ഇംറാന്‍ \( ഇംറാന്‍ കുടുംബം \)}{}% 3
\BOOKMARK [0][-]{chapter.4}{നിസാഅ് \( സ്ത്രീകള്‍ \)}{}% 4
\BOOKMARK [0][-]{chapter.5}{മാഇദ \( ഭക്ഷണ തളിക \)}{}% 5
\BOOKMARK [0][-]{chapter.6}{അന്‍ആം \( കാലികള്‍ \)}{}% 6
\BOOKMARK [0][-]{chapter.7}{അഅ്റാഫ് \( ഉന്നതസ്ഥലങ്ങള്‍‍ \)}{}% 7
\BOOKMARK [0][-]{chapter.8}{അന്‍ഫാല്‍ \( യുദ്ധമുതല്‍‍ \)}{}% 8
\BOOKMARK [0][-]{chapter.9}{തൌബ \( പശ്ചാത്താപം \)}{}% 9
\BOOKMARK [0][-]{chapter.10}{യൂനുസ്}{}% 10
\BOOKMARK [0][-]{chapter.11}{ഹൂദ്}{}% 11
\BOOKMARK [0][-]{chapter.12}{യൂസുഫ്}{}% 12
\BOOKMARK [0][-]{chapter.13}{‍റഅദ് \( ഇടിനാദം \)}{}% 13
\BOOKMARK [0][-]{chapter.14}{ഇബ്രാഹീം}{}% 14
\BOOKMARK [0][-]{chapter.15}{ഹിജ്റ്}{}% 15
\BOOKMARK [0][-]{chapter.16}{നഹ്ല്‍ \( തേനീച്ച \)}{}% 16
\BOOKMARK [0][-]{chapter.17}{ഇസ്റാഅ് \( നിശായാത്ര \)}{}% 17
\BOOKMARK [0][-]{chapter.18}{അല്‍ കഹഫ് \( ഗുഹ‍ \)}{}% 18
\BOOKMARK [0][-]{chapter.19}{മര്‍യം}{}% 19
\BOOKMARK [0][-]{chapter.20}{ത്വാഹാ}{}% 20
\BOOKMARK [0][-]{chapter.21}{അന്‍ബിയാഅ് \( പ്രവാചകന്മാര്‍ \)}{}% 21
\BOOKMARK [0][-]{chapter.22}{ഹജ്ജ് \( തീര്‍ത്ഥാടനം \)}{}% 22
\BOOKMARK [0][-]{chapter.23}{അല്‍ മുഅ്മിനൂന്‍ \( സത്യവിശ്വാസികള്‍ \)}{}% 23
\BOOKMARK [0][-]{chapter.24}{നൂര്‍ \( പ്രകാശം \)}{}% 24
\BOOKMARK [0][-]{chapter.25}{ഫുര്‍ഖാന്‍ \( സത്യാസത്യ വിവേചനം \)}{}% 25
\BOOKMARK [0][-]{chapter.26}{ശുഅറാ \( കവികള്‍ \)}{}% 26
\BOOKMARK [0][-]{chapter.27}{നംല്‍ \( ഉറുമ്പ് \)}{}% 27
\BOOKMARK [0][-]{chapter.28}{ഖസസ് \( കഥാകഥനം‍ \)}{}% 28
\BOOKMARK [0][-]{chapter.29}{അങ്കബൂത് \( എട്ടുകാലി \)}{}% 29
\BOOKMARK [0][-]{chapter.30}{റൂം \( റോമാക്കാര്‍ \)}{}% 30
\BOOKMARK [0][-]{chapter.31}{ലുഖ്മാന്‍}{}% 31
\BOOKMARK [0][-]{chapter.32}{സജദ \( സാഷ്ടാംഗം \)}{}% 32
\BOOKMARK [0][-]{chapter.33}{അഹ്സാബ് \(സംഘടിത കക്ഷികള്‍ \)}{}% 33
\BOOKMARK [0][-]{chapter.34}{സബഅ്}{}% 34
\BOOKMARK [0][-]{chapter.35}{ഫാത്വിര്‍ \( സ്രഷ്ടാവ് \)}{}% 35
\BOOKMARK [0][-]{chapter.36}{യാസീന്‍}{}% 36
\BOOKMARK [0][-]{chapter.37}{സ്വാഫ്ഫാത്ത് \( അണിനിരന്നവ‍ \)}{}% 37
\BOOKMARK [0][-]{chapter.38}{സ്വാദ്}{}% 38
\BOOKMARK [0][-]{chapter.39}{സുമര്‍ \( കൂട്ടങ്ങള്‍ \)}{}% 39
\BOOKMARK [0][-]{chapter.40}{മുഅ്മിന്‍‍ \( വിശ്വാസി \)}{}% 40
\BOOKMARK [0][-]{chapter.41}{ഫുസ്സിലത്ത്}{}% 41
\BOOKMARK [0][-]{chapter.42}{ശൂറാ \( കൂടിയാലോചന \)}{}% 42
\BOOKMARK [0][-]{chapter.43}{സുഖ്റുഫ് \( സുവര്‍ണ്ണാലങ്കാരം \)}{}% 43
\BOOKMARK [0][-]{chapter.44}{ദുഖാന്‍ \( പുക \)}{}% 44
\BOOKMARK [0][-]{chapter.45}{ജാഥിയ \( മുട്ടുകുത്തുന്നവര്‍ \)}{}% 45
\BOOKMARK [0][-]{chapter.46}{അഹ്ഖാഫ്}{}% 46
\BOOKMARK [0][-]{chapter.47}{മുഹമ്മദ്}{}% 47
\BOOKMARK [0][-]{chapter.48}{ഫതഹ് \( വിജയം \)}{}% 48
\BOOKMARK [0][-]{chapter.49}{ഹുജുറാത് \( അറകള്‍ \)}{}% 49
\BOOKMARK [0][-]{chapter.50}{ഖാഫ്}{}% 50
\BOOKMARK [0][-]{chapter.51}{ദാരിയാത് \( വിതറുന്നവ \)}{}% 51
\BOOKMARK [0][-]{chapter.52}{ത്വൂര്‍ \( ത്വൂര്‍ പര്‍വ്വതം\)}{}% 52
\BOOKMARK [0][-]{chapter.53}{നജ്മ് \( നക്ഷത്രം \)}{}% 53
\BOOKMARK [0][-]{chapter.54}{ഖമര്‍ \( ചന്ദ്രന്‍ \)}{}% 54
\BOOKMARK [0][-]{chapter.55}{റഹ് മാന്‍‍ \( പരമകാരുണികന്‍ \)}{}% 55
\BOOKMARK [0][-]{chapter.56}{അല്‍ വാഖിഅ \( സംഭവം \)}{}% 56
\BOOKMARK [0][-]{chapter.57}{ഹദീദ് \( ഇരുമ്പ് \)}{}% 57
\BOOKMARK [0][-]{chapter.58}{ മുജാദില \( തര്‍ക്കിക്കുന്നവള്‍ \)}{}% 58
\BOOKMARK [0][-]{chapter.59}{ഹഷ്ര്‍ \( തുരത്തിയോടിക്കല്‍ \)}{}% 59
\BOOKMARK [0][-]{chapter.60}{മുംതഹന \(. പരീക്ഷിക്കപ്പെടേണ്ടവള്‍ \)}{}% 60
\BOOKMARK [0][-]{chapter.61}{സ്വഫ്ഫ് \( അണി \)}{}% 61
\BOOKMARK [0][-]{chapter.62}{ജുമുഅ}{}% 62
\BOOKMARK [0][-]{chapter.63}{മുനാഫിഖൂന്‍ \( കപടവിശ്വാസികള്‍ \)}{}% 63
\BOOKMARK [0][-]{chapter.64}{തഗാബൂന്‍ \( നഷ്ടം വെളിപ്പെടല്‍ \)}{}% 64
\BOOKMARK [0][-]{chapter.65}{ത്വലാഖ് \( വിവാഹ മോചനം \)}{}% 65
\BOOKMARK [0][-]{chapter.66}{തഹ് രീം \( നിഷിദ്ധമാക്കല്‍ \)}{}% 66
\BOOKMARK [0][-]{chapter.67}{മുല്‍ക്ക് \( അധിപത്യം \)}{}% 67
\BOOKMARK [0][-]{chapter.68}{ഖലം \( പേന \)}{}% 68
\BOOKMARK [0][-]{chapter.69}{ഹാഖ \( യഥാര്‍ത്ഥ സംഭവം \)}{}% 69
\BOOKMARK [0][-]{chapter.70}{മആരിജ് \( കയറുന്ന വഴികള്‍ \)}{}% 70
\BOOKMARK [0][-]{chapter.71}{നൂഹ്}{}% 71
\BOOKMARK [0][-]{chapter.72}{ജിന്ന് \( ജിന്ന് വര്‍ഗ്ഗം \)}{}% 72
\BOOKMARK [0][-]{chapter.73}{മുസമ്മില്‍ \( വസ്ത്രത്താല്‍ മൂടിയവന്‍ \)}{}% 73
\BOOKMARK [0][-]{chapter.74}{മുദ്ദഥിര്‍ \( പുതച്ച് മൂടിയവന്‍ \)}{}% 74
\BOOKMARK [0][-]{chapter.75}{ഖിയാമ \( ഉയിര്‍ത്തെഴുന്നേല്‍പ്പ് \)}{}% 75
\BOOKMARK [0][-]{chapter.76}{ഇന്‍സാന്‍ \( മനുഷ്യന്‍ \)}{}% 76
\BOOKMARK [0][-]{chapter.77}{മുര്‍സലാത്ത് \( അയക്കപ്പെടുന്നവര്‍ \)}{}% 77
\BOOKMARK [0][-]{chapter.78}{നബഅ് \( വൃത്താന്തം \)}{}% 78
\BOOKMARK [0][-]{chapter.79}{നാസിയാത്ത് \( ഊരിയെടുക്കുന്നവ \)}{}% 79
\BOOKMARK [0][-]{chapter.80}{അബസ \( മുഖം ചുളിച്ചു \)}{}% 80
\BOOKMARK [0][-]{chapter.81}{തക് വീര്‍ \( ചുറ്റിപ്പൊതിയല്‍ \)}{}% 81
\BOOKMARK [0][-]{chapter.82}{ഇന്‍ഫിത്വാര്‍ \( പൊട്ടിക്കീറല്‍ \)}{}% 82
\BOOKMARK [0][-]{chapter.83}{മുതഫ്ഫിഫീന്‍ \( അളവില്‍ കുറയ്ക്കുന്നവന്‍ \)}{}% 83
\BOOKMARK [0][-]{chapter.84}{ഇന്ഷിഖാഖ് \( പൊട്ടിപിളരല്‍ \)}{}% 84
\BOOKMARK [0][-]{chapter.85}{ബുറൂജ് \( നക്ഷത്രമണ്ഡലങ്ങള്‍ \)}{}% 85
\BOOKMARK [0][-]{chapter.86}{ത്വാരിഖ് \( രാത്രിയില്‍ വരുന്നത് \)}{}% 86
\BOOKMARK [0][-]{chapter.87}{അഅ്അലാ \( അത്യുന്നതന്‍ \)}{}% 87
\BOOKMARK [0][-]{chapter.88}{ഗാശിയ \( മൂടുന്ന സംഭവം \)}{}% 88
\BOOKMARK [0][-]{chapter.89}{ഫജ്ര്‍ \( പ്രഭാതം \)}{}% 89
\BOOKMARK [0][-]{chapter.90}{ബലദ് \( രാജ്യം \)}{}% 90
\BOOKMARK [0][-]{chapter.91}{ശംസ് \( സൂര്യന്‍ \)}{}% 91
\BOOKMARK [0][-]{chapter.92}{ലൈല്‍ \( രാത്രി \)}{}% 92
\BOOKMARK [0][-]{chapter.93}{ളുഹാ \( പൂര്‍വ്വാഹ്നം \)}{}% 93
\BOOKMARK [0][-]{chapter.94}{ശര്‍ഹ് \( വിശാലമാക്കല്‍ \)}{}% 94
\BOOKMARK [0][-]{chapter.95}{തീന്‍ \( അത്തി \)}{}% 95
\BOOKMARK [0][-]{chapter.96}{അലഖ് \( ഭ്രൂണം \)}{}% 96
\BOOKMARK [0][-]{chapter.97}{ഖദ്ര്‍ \( നിര്‍ണയം \)}{}% 97
\BOOKMARK [0][-]{chapter.98}{ബയ്യിന \( വ്യക്തമായ തെളിവ് \)}{}% 98
\BOOKMARK [0][-]{chapter.99}{സല്‍സല \( പ്രകമ്പനം \)}{}% 99
\BOOKMARK [0][-]{chapter.100}{ആദിയാത് \( ഓടുന്നവ \)}{}% 100
\BOOKMARK [0][-]{chapter.101}{അല്‍ ഖാരിഅ \( ഭയങ്കര സംഭവം \)}{}% 101
\BOOKMARK [0][-]{chapter.102}{തകാഥുര്‍ \(പെരുമ നടിക്കല്‍ \)}{}% 102
\BOOKMARK [0][-]{chapter.103}{അസ്വര്‍ \( കാലം \)}{}% 103
\BOOKMARK [0][-]{chapter.104}{ഹുമസ \(കുത്തിപ്പറയുന്നവര്‍ \)}{}% 104
\BOOKMARK [0][-]{chapter.105}{ഫീല്‍ \( ആന \)}{}% 105
\BOOKMARK [0][-]{chapter.106}{ഖുറൈഷ്}{}% 106
\BOOKMARK [0][-]{chapter.107}{മാഊന്‍ \( പരോപകാര വസ്തുക്കള്‍ \)}{}% 107
\BOOKMARK [0][-]{chapter.108}{കൌഥര്‍‍ \( ധാരാളം \)}{}% 108
\BOOKMARK [0][-]{chapter.109}{കാഫിറൂന്‍ \( സത്യനിഷേധികള്‍ \)}{}% 109
\BOOKMARK [0][-]{chapter.110}{നസ്ര്‍ \( സഹായം \)}{}% 110
\BOOKMARK [0][-]{chapter.111}{മസദ് \( ഈന്തപ്പനനാര് \)}{}% 111
\BOOKMARK [0][-]{chapter.112}{ഇഖ് ലാസ് \( നിഷ്കളങ്കത \)}{}% 112
\BOOKMARK [0][-]{chapter.113}{ഫലഖ് \( പുലരി \)}{}% 113
\BOOKMARK [0][-]{chapter.114}{നാസ് \( ജനങ്ങള്‍ \)}{}% 114
